0 info it worked if it ends with ok
1 verbose cli [ 'C:\\Program Files\\nodejs\\\\node.exe',
1 verbose cli   'C:\\Program Files\\nodejs\\node_modules\\npm\\bin\\npm-cli.js',
1 verbose cli   'install',
1 verbose cli   'socket-io' ]
2 info using npm@1.4.28
3 info using node@v0.10.32
4 verbose node symlink C:\Program Files\nodejs\\node.exe
5 verbose readDependencies using package.json deps
6 verbose cache add [ 'socket-io', null ]
7 verbose cache add name=undefined spec="socket-io" args=["socket-io",null]
8 verbose parsed url { protocol: null,
8 verbose parsed url   slashes: null,
8 verbose parsed url   auth: null,
8 verbose parsed url   host: null,
8 verbose parsed url   port: null,
8 verbose parsed url   hostname: null,
8 verbose parsed url   hash: null,
8 verbose parsed url   search: null,
8 verbose parsed url   query: null,
8 verbose parsed url   pathname: 'socket-io',
8 verbose parsed url   path: 'socket-io',
8 verbose parsed url   href: 'socket-io' }
9 silly lockFile 2c2f14e9-socket-io socket-io
10 verbose lock socket-io C:\Users\tapesec\AppData\Roaming\npm-cache\2c2f14e9-socket-io.lock
11 silly lockFile 2c2f14e9-socket-io socket-io
12 silly lockFile 2c2f14e9-socket-io socket-io
13 verbose addNamed [ 'socket-io', '' ]
14 verbose addNamed [ null, '*' ]
15 silly lockFile d2f5c91d-socket-io socket-io@
16 verbose lock socket-io@ C:\Users\tapesec\AppData\Roaming\npm-cache\d2f5c91d-socket-io.lock
17 silly addNameRange { name: 'socket-io', range: '*', hasData: false }
18 verbose request where is /socket-io
19 verbose request registry https://registry.npmjs.org/
20 verbose request id 0589bf1411bae2fa
21 verbose url raw /socket-io
22 verbose url resolving [ 'https://registry.npmjs.org/', './socket-io' ]
23 verbose url resolved https://registry.npmjs.org/socket-io
24 verbose request where is https://registry.npmjs.org/socket-io
25 info trying registry request attempt 1 at 10:08:41
26 http GET https://registry.npmjs.org/socket-io
27 http 404 https://registry.npmjs.org/socket-io
28 verbose headers { date: 'Thu, 25 Sep 2014 08:08:46 GMT',
28 verbose headers   server: 'CouchDB/1.5.0 (Erlang OTP/R16B03)',
28 verbose headers   'content-type': 'application/json',
28 verbose headers   'cache-control': 'max-age=0',
28 verbose headers   'content-length': '52',
28 verbose headers   'accept-ranges': 'bytes',
28 verbose headers   via: '1.1 varnish',
28 verbose headers   age: '0',
28 verbose headers   'x-served-by': 'cache-ams4135-AMS',
28 verbose headers   'x-cache': 'MISS',
28 verbose headers   'x-cache-hits': '0',
28 verbose headers   'x-timer': 'S1411632526.431174,VS0,VE173',
28 verbose headers   'keep-alive': 'timeout=10, max=50',
28 verbose headers   connection: 'Keep-Alive' }
29 silly registry.get cb [ 404,
29 silly registry.get   { date: 'Thu, 25 Sep 2014 08:08:46 GMT',
29 silly registry.get     server: 'CouchDB/1.5.0 (Erlang OTP/R16B03)',
29 silly registry.get     'content-type': 'application/json',
29 silly registry.get     'cache-control': 'max-age=0',
29 silly registry.get     'content-length': '52',
29 silly registry.get     'accept-ranges': 'bytes',
29 silly registry.get     via: '1.1 varnish',
29 silly registry.get     age: '0',
29 silly registry.get     'x-served-by': 'cache-ams4135-AMS',
29 silly registry.get     'x-cache': 'MISS',
29 silly registry.get     'x-cache-hits': '0',
29 silly registry.get     'x-timer': 'S1411632526.431174,VS0,VE173',
29 silly registry.get     'keep-alive': 'timeout=10, max=50',
29 silly registry.get     connection: 'Keep-Alive' } ]
30 silly lockFile d2f5c91d-socket-io socket-io@
31 silly lockFile d2f5c91d-socket-io socket-io@
32 error 404 404 Not Found: socket-io
32 error 404
32 error 404 'socket-io' is not in the npm registry.
32 error 404 You should bug the author to publish it
32 error 404 It was specified as a dependency of 'Permutation'
32 error 404
32 error 404 Note that you can also install from a
32 error 404 tarball, folder, or http url, or git url.
33 error System Windows_NT 6.1.7601
34 error command "C:\\Program Files\\nodejs\\\\node.exe" "C:\\Program Files\\nodejs\\node_modules\\npm\\bin\\npm-cli.js" "install" "socket-io"
35 error cwd C:\permutation
36 error node -v v0.10.32
37 error npm -v 1.4.28
38 error code E404
39 verbose exit [ 1, true ]
